2026-03-06 16:33:58,366 | INFO | === NS Metrics Run START ===
2026-03-06 16:33:58,366 | INFO | Selected team: all
2026-03-06 16:33:58,366 | INFO | [PH] START
2026-03-08 15:03:31,972 | INFO | === NS Metrics Run START ===
2026-03-08 15:03:31,974 | INFO | Selected team: all
2026-03-08 15:03:31,979 | INFO | [PH] START
2026-03-08 15:04:04,117 | INFO | [PH] DONE | rows=351 | elapsed=0:00:32.138636
2026-03-08 15:04:04,118 | INFO | [PH Cell 17] START
2026-03-08 15:04:25,209 | INFO | [PH Cell 17] DONE | rows=20 | elapsed=0:00:21.090496
2026-03-08 15:04:25,210 | INFO | [SCS Cell 1] START
2026-03-08 15:04:49,694 | INFO | [SCS Cell 1] DONE | rows=280 | elapsed=0:00:24.483843
2026-03-08 15:04:49,695 | INFO | [MEIC PH] START
2026-03-08 15:04:58,811 | INFO | [MEIC PH] DONE | rows=84 | elapsed=0:00:09.116603
2026-03-08 15:04:58,812 | INFO | [DBS C13] START
2026-03-08 15:06:20,148 | INFO | [DBS C13] DONE | rows=40 | elapsed=0:01:21.336050
2026-03-08 15:06:20,149 | INFO | [DBS C13] filter >= 2025-07-07: 40 -> 35
2026-03-08 15:06:20,149 | INFO | [DBS C14] START
2026-03-08 15:07:34,070 | INFO | [DBS C14] DONE | rows=40 | elapsed=0:01:13.920483
2026-03-08 15:07:34,071 | INFO | [DBS C14] filter >= 2025-07-07: 40 -> 35
2026-03-08 15:07:34,071 | INFO | [NV] START
2026-03-08 15:09:13,222 | INFO | [NV] DONE | rows=40 | elapsed=0:01:39.151235
2026-03-08 15:09:13,223 | INFO | [NV] filter >= 2025-07-07: 40 -> 35
2026-03-08 15:09:13,224 | INFO | [Nav] START
2026-03-08 15:12:03,102 | INFO | [Nav] DONE | rows=37 | elapsed=0:02:49.878055
2026-03-08 15:12:03,103 | INFO | [AE MEIC] START
2026-03-08 15:13:52,669 | INFO | [AE MEIC] DONE | rows=37 | elapsed=0:01:49.565750
2026-03-08 15:13:52,669 | INFO | [O-Arm MEIC] START
2026-03-08 15:15:39,671 | INFO | [O-Arm MEIC] DONE | rows=37 | elapsed=0:01:47.002301
2026-03-08 15:15:39,672 | INFO | [Mazor] START
2026-03-08 15:17:03,087 | INFO | [Mazor] DONE | rows=39 | elapsed=0:01:23.414274
2026-03-08 15:17:03,088 | INFO | [CSF] START
2026-03-08 15:17:42,205 | INFO | [CSF] DONE | rows=39 | elapsed=0:00:39.117314
2026-03-08 15:17:42,206 | INFO | [PSS] START
2026-03-08 15:19:29,660 | INFO | [PSS] DONE | rows=39 | elapsed=0:01:47.453807
2026-03-08 15:19:29,836 | INFO | [ENT] ENT name replacements applied in Team & Tenure Mapping.xlsx (0 changes)
2026-03-08 15:19:29,837 | INFO | [ENT] START
2026-03-08 15:19:30,185 | INFO | [ENT] DONE | rows=47 | elapsed=0:00:00.347761
2026-03-08 15:19:30,185 | INFO | [DBS MEIC] START
2026-03-08 15:19:30,199 | INFO | [DBS MEIC] DONE | rows=30 | elapsed=0:00:00.014076
2026-03-08 15:19:30,199 | INFO | [SCS MEIC] START
2026-03-08 15:19:30,219 | INFO | [SCS MEIC] DONE | rows=30 | elapsed=0:00:00.019997
2026-03-08 15:19:30,220 | INFO | [TDD COS 1] START
2026-03-08 15:20:08,548 | INFO | [TDD COS 1] DONE | rows=197 | elapsed=0:00:38.327553
2026-03-08 15:20:08,549 | INFO | [TDD COS 1] filter >= 2025-06-02: 197 -> 40
2026-03-08 15:20:08,549 | INFO | [SCS Super Cell] START
2026-03-08 15:20:32,848 | INFO | [SCS Super Cell] DONE | rows=195 | elapsed=0:00:24.299800
2026-03-08 15:20:32,849 | INFO | [SCS Super Cell] rows scraped (pre-filter): 195
2026-03-08 15:20:32,850 | INFO | [SCS Super Cell] filter >= 2025-06-30: 195 -> 35
2026-03-08 15:20:32,850 | INFO | [MEIC PH] filter >= 2025-09-01: 84 -> 29
2026-03-08 15:20:32,851 | INFO | [PH Cell 17] rows before TAA filter = 20
2026-03-08 15:20:32,853 | INFO | [ALL] filter TAA!=0 (except SCS Super Cell, PH Cell 17): 1195 -> 587
2026-03-08 15:20:32,854 | INFO | [PH Cell 17] rows after TAA filter = 20
2026-03-08 15:20:32,854 | INFO | [ALL] filter TAA!=0 (except SCS Super Cell): 1195 -> 587
2026-03-08 15:20:32,855 | INFO | [ALL] drop period_date == 2023-11-06: 587 -> 586
2026-03-08 15:20:32,855 | INFO | [ALL] drop period_date == 2026-09-07: 586 -> 585
2026-03-08 15:20:32,923 | INFO | Wrote 585 rows to NS_metrics.csv
2026-03-08 15:20:33,015 | INFO | Wrote 293 rows to NS_WIP.csv
2026-03-08 15:20:33,042 | INFO | [POST] WIP weekly keys=293
2026-03-08 15:20:33,042 | INFO | [POST] closures placeholders appended=0 -> closures.csv
2026-03-08 15:20:33,043 | INFO | [POST] timeliness placeholders appended=0 -> timeliness.csv
2026-03-08 15:20:33,114 | INFO | [POST] NS_WIP.csv updated with closures/timeliness for 292 rows
2026-03-08 15:20:33,116 | INFO | === NS Metrics Run END ===
2026-03-09 09:25:17,004 | INFO | === NS Metrics Run START ===
2026-03-09 09:25:17,008 | INFO | Selected team: all
2026-03-09 09:25:17,008 | INFO | [PH] START
2026-03-09 09:25:50,032 | INFO | [PH] DONE | rows=352 | elapsed=0:00:33.023141
2026-03-09 09:25:50,032 | INFO | [PH Cell 17] START
2026-03-09 09:26:24,605 | INFO | [PH Cell 17] DONE | rows=20 | elapsed=0:00:34.573518
2026-03-09 09:26:24,607 | INFO | [SCS Cell 1] START
2026-03-09 09:26:55,098 | INFO | [SCS Cell 1] DONE | rows=281 | elapsed=0:00:30.491112
2026-03-09 09:26:55,099 | INFO | [MEIC PH] START
2026-03-09 09:27:03,654 | INFO | [MEIC PH] DONE | rows=84 | elapsed=0:00:08.554456
2026-03-09 09:27:03,654 | INFO | [DBS C13] START
2026-03-09 09:28:31,936 | INFO | [DBS C13] DONE | rows=41 | elapsed=0:01:28.282421
2026-03-09 09:28:31,938 | INFO | [DBS C13] filter >= 2025-07-07: 41 -> 36
2026-03-09 09:28:31,938 | INFO | [DBS C14] START
2026-03-09 09:30:16,601 | INFO | [DBS C14] DONE | rows=41 | elapsed=0:01:44.662231
2026-03-09 09:30:16,602 | INFO | [DBS C14] filter >= 2025-07-07: 41 -> 36
2026-03-09 09:30:16,602 | INFO | [NV] START
2026-03-09 09:32:41,153 | INFO | [NV] DONE | rows=41 | elapsed=0:02:24.551058
2026-03-09 09:32:41,153 | INFO | [NV] filter >= 2025-07-07: 41 -> 36
2026-03-09 09:32:41,154 | INFO | [Nav] START
2026-03-09 09:35:41,161 | INFO | [Nav] still running...
2026-03-09 09:38:35,161 | INFO | [Nav] DONE | rows=38 | elapsed=0:05:54.007254
2026-03-09 09:38:35,162 | INFO | [AE MEIC] START
2026-03-09 09:41:35,180 | INFO | [AE MEIC] still running...
2026-03-09 09:43:37,998 | INFO | [AE MEIC] DONE | rows=38 | elapsed=0:05:02.837073
2026-03-09 09:43:37,999 | INFO | [O-Arm MEIC] START
2026-03-09 09:46:21,126 | INFO | [O-Arm MEIC] DONE | rows=38 | elapsed=0:02:43.125857
2026-03-09 09:46:21,128 | INFO | [Mazor] START
2026-03-09 09:48:30,163 | INFO | [Mazor] DONE | rows=39 | elapsed=0:02:09.034950
2026-03-09 09:48:30,163 | INFO | [CSF] START
2026-03-09 09:49:38,656 | INFO | [CSF] DONE | rows=39 | elapsed=0:01:08.493314
2026-03-09 09:49:38,656 | INFO | [PSS] START
2026-03-09 09:51:59,058 | INFO | [PSS] DONE | rows=39 | elapsed=0:02:20.402054
2026-03-09 09:51:59,196 | INFO | [ENT] ENT name replacements applied in Team & Tenure Mapping.xlsx (0 changes)
2026-03-09 09:51:59,196 | INFO | [ENT] START
2026-03-09 09:52:00,704 | INFO | [ENT] DONE | rows=47 | elapsed=0:00:01.508180
2026-03-09 09:52:00,705 | INFO | [DBS MEIC] START
2026-03-09 09:52:00,707 | INFO | [DBS MEIC] DONE | rows=30 | elapsed=0:00:00.001912
2026-03-09 09:52:00,723 | INFO | [SCS MEIC] START
2026-03-09 09:52:00,738 | INFO | [SCS MEIC] DONE | rows=30 | elapsed=0:00:00.014584
2026-03-09 09:52:00,738 | INFO | [TDD COS 1] START
2026-03-09 09:52:35,066 | INFO | [TDD COS 1] DONE | rows=197 | elapsed=0:00:34.327363
2026-03-09 09:52:35,066 | INFO | [TDD COS 1] filter >= 2025-06-02: 197 -> 40
2026-03-09 09:52:35,066 | INFO | [SCS Super Cell] START
2026-03-09 09:52:55,422 | INFO | [SCS Super Cell] DONE | rows=196 | elapsed=0:00:20.356854
2026-03-09 09:52:55,422 | INFO | [SCS Super Cell] rows scraped (pre-filter): 196
2026-03-09 09:52:55,422 | INFO | [SCS Super Cell] filter >= 2025-06-30: 196 -> 36
2026-03-09 09:52:55,422 | INFO | [MEIC PH] filter >= 2025-09-01: 84 -> 29
2026-03-09 09:52:55,428 | INFO | [PH Cell 17] rows before TAA filter = 20
2026-03-09 09:52:55,432 | INFO | [ALL] filter TAA!=0 (except SCS Super Cell, PH Cell 17): 1204 -> 597
2026-03-09 09:52:55,432 | INFO | [PH Cell 17] rows after TAA filter = 20
2026-03-09 09:52:55,432 | INFO | [ALL] filter TAA!=0 (except SCS Super Cell): 1204 -> 597
2026-03-09 09:52:55,433 | INFO | [ALL] drop period_date == 2023-11-06: 597 -> 596
2026-03-09 09:52:55,433 | INFO | [ALL] drop period_date == 2026-09-07: 596 -> 595
2026-03-09 09:52:55,480 | INFO | Wrote 595 rows to NS_metrics.csv
2026-03-09 09:52:55,579 | INFO | Wrote 298 rows to NS_WIP.csv
2026-03-09 09:52:55,614 | INFO | [POST] WIP weekly keys=298
2026-03-09 09:52:55,614 | INFO | [POST] closures placeholders appended=0 -> closures.csv
2026-03-09 09:52:55,614 | INFO | [POST] timeliness placeholders appended=0 -> timeliness.csv
2026-03-09 09:52:55,679 | INFO | [POST] NS_WIP.csv updated with closures/timeliness for 298 rows
2026-03-09 09:52:55,679 | INFO | === NS Metrics Run END ===
2026-03-09 22:15:02,989 | INFO | === NS Metrics Run START ===
2026-03-09 22:15:02,990 | INFO | Selected team: all
2026-03-09 22:15:02,991 | INFO | [PH] START
2026-03-09 22:15:31,020 | INFO | [PH] DONE | rows=352 | elapsed=0:00:28.029022
2026-03-09 22:15:31,020 | INFO | [PH Cell 17] START
2026-03-09 22:15:48,076 | INFO | [PH Cell 17] DONE | rows=20 | elapsed=0:00:17.054550
2026-03-09 22:15:48,077 | INFO | [SCS Cell 1] START
2026-03-09 22:16:08,494 | INFO | [SCS Cell 1] DONE | rows=281 | elapsed=0:00:20.417334
2026-03-09 22:16:08,494 | INFO | [MEIC PH] START
2026-03-09 22:16:14,949 | INFO | [MEIC PH] DONE | rows=84 | elapsed=0:00:06.455054
2026-03-09 22:16:14,950 | INFO | [DBS C13] START
2026-03-09 22:16:46,158 | INFO | [DBS C13] DONE | rows=41 | elapsed=0:00:31.208417
2026-03-09 22:16:46,158 | INFO | [DBS C13] filter >= 2025-07-07: 41 -> 36
2026-03-09 22:16:46,159 | INFO | [DBS C14] START
2026-03-09 22:17:20,388 | INFO | [DBS C14] DONE | rows=41 | elapsed=0:00:34.229604
2026-03-09 22:17:20,389 | INFO | [DBS C14] filter >= 2025-07-07: 41 -> 36
2026-03-09 22:17:20,389 | INFO | [NV] START
2026-03-09 22:18:16,636 | INFO | [NV] DONE | rows=41 | elapsed=0:00:56.246496
2026-03-09 22:18:16,636 | INFO | [NV] filter >= 2025-07-07: 41 -> 36
2026-03-09 22:18:16,637 | INFO | [Nav] START
2026-03-09 22:19:28,196 | INFO | [Nav] DONE | rows=38 | elapsed=0:01:11.559315
2026-03-09 22:19:28,196 | INFO | [AE MEIC] START
2026-03-09 22:20:25,532 | INFO | [AE MEIC] DONE | rows=38 | elapsed=0:00:57.336069
2026-03-09 22:20:25,532 | INFO | [O-Arm MEIC] START
2026-03-09 22:21:17,841 | INFO | [O-Arm MEIC] DONE | rows=38 | elapsed=0:00:52.308441
2026-03-09 22:21:17,842 | INFO | [Mazor] START
2026-03-09 22:22:24,685 | INFO | [Mazor] DONE | rows=40 | elapsed=0:01:06.843400
2026-03-09 22:22:24,686 | INFO | [CSF] START
2026-03-09 22:22:51,084 | INFO | [CSF] DONE | rows=39 | elapsed=0:00:26.398301
2026-03-09 22:22:51,084 | INFO | [PSS] START
2026-03-09 22:24:05,329 | INFO | [PSS] DONE | rows=40 | elapsed=0:01:14.244124
2026-03-09 22:24:05,420 | INFO | [ENT] ENT name replacements applied in Team & Tenure Mapping.xlsx (0 changes)
2026-03-09 22:24:05,421 | INFO | [ENT] START
2026-03-09 22:24:07,565 | INFO | [ENT] DONE | rows=47 | elapsed=0:00:02.143953
2026-03-09 22:24:07,566 | INFO | [DBS MEIC] START
2026-03-09 22:24:07,583 | INFO | [DBS MEIC] DONE | rows=30 | elapsed=0:00:00.017072
2026-03-09 22:24:07,584 | INFO | [SCS MEIC] START
2026-03-09 22:24:07,600 | INFO | [SCS MEIC] DONE | rows=30 | elapsed=0:00:00.015559
2026-03-09 22:24:07,601 | INFO | [TDD COS 1] START
2026-03-09 22:24:44,699 | INFO | [TDD COS 1] DONE | rows=197 | elapsed=0:00:37.097334
2026-03-09 22:24:44,700 | INFO | [TDD COS 1] filter >= 2025-06-02: 197 -> 40
2026-03-09 22:24:44,700 | INFO | [SCS Super Cell] START
2026-03-09 22:25:06,000 | INFO | [SCS Super Cell] DONE | rows=196 | elapsed=0:00:21.300460
2026-03-09 22:25:06,001 | INFO | [SCS Super Cell] rows scraped (pre-filter): 196
2026-03-09 22:25:06,001 | INFO | [SCS Super Cell] filter >= 2025-06-30: 196 -> 36
2026-03-09 22:25:06,002 | INFO | [MEIC PH] filter >= 2025-09-01: 84 -> 29
2026-03-09 22:25:06,004 | INFO | [PH Cell 17] rows before TAA filter = 20
2026-03-09 22:25:06,007 | INFO | [ALL] filter TAA!=0 (except SCS Super Cell, PH Cell 17): 1206 -> 599
2026-03-09 22:25:06,008 | INFO | [PH Cell 17] rows after TAA filter = 20
2026-03-09 22:25:06,008 | INFO | [ALL] filter TAA!=0 (except SCS Super Cell): 1206 -> 599
2026-03-09 22:25:06,009 | INFO | [ALL] drop period_date == 2023-11-06: 599 -> 598
2026-03-09 22:25:06,009 | INFO | [ALL] drop period_date == 2026-09-07: 598 -> 597
2026-03-09 22:25:06,062 | INFO | Wrote 597 rows to NS_metrics.csv
2026-03-09 22:25:06,150 | INFO | Wrote 299 rows to NS_WIP.csv
2026-03-09 22:25:06,187 | INFO | [POST] WIP weekly keys=299
2026-03-09 22:25:06,188 | INFO | [POST] closures placeholders appended=0 -> closures.csv
2026-03-09 22:25:06,188 | INFO | [POST] timeliness placeholders appended=0 -> timeliness.csv
2026-03-09 22:25:06,248 | INFO | [POST] NS_WIP.csv updated with closures/timeliness for 299 rows
2026-03-09 22:25:06,249 | INFO | === NS Metrics Run END ===
