[2026-04-09 12:22:05] === Starting run_all.py ===
[2026-04-09 12:22:05] Running: C:\Users\wadec8\AppData\Local\Programs\Python\Python3\python.exe get_timeliness.py
[2026-04-09 12:23:35] Finished: C:\Users\wadec8\AppData\Local\Programs\Python\Python3\python.exe get_timeliness.py
[2026-04-09 12:23:35] Running: C:\Users\wadec8\AppData\Local\Programs\Python\Python3\python.exe scrape_wip_iv.py --all
[2026-04-09 12:24:25] Finished: C:\Users\wadec8\AppData\Local\Programs\Python\Python3\python.exe scrape_wip_iv.py --all
[2026-04-09 12:24:25] Running: C:\Users\wadec8\AppData\Local\Programs\Python\Python3\python.exe build_iv_non_wip_activities.py --config teams.json --metrics IV_DATA\metrics.csv --all --out IV_DATA\non_wip.csv
[2026-04-09 12:26:58] Finished: C:\Users\wadec8\AppData\Local\Programs\Python\Python3\python.exe build_iv_non_wip_activities.py --config teams.json --metrics IV_DATA\metrics.csv --all --out IV_DATA\non_wip.csv
[2026-04-09 12:26:58] Running: C:\Users\wadec8\AppData\Local\Programs\Python\Python3\python.exe scrape_wip_ect.py
[2026-04-09 12:31:01] Finished: C:\Users\wadec8\AppData\Local\Programs\Python\Python3\python.exe scrape_wip_ect.py
[2026-04-09 12:31:01] Running: C:\Users\wadec8\AppData\Local\Programs\Python\Python3\python.exe build_ect_non_wip_activities.py
[2026-04-09 12:34:46] Finished: C:\Users\wadec8\AppData\Local\Programs\Python\Python3\python.exe build_ect_non_wip_activities.py
[2026-04-09 12:34:46] Running: C:\Users\wadec8\AppData\Local\Programs\Python\Python3\python.exe push_selected_dates.py --date 2025-10-27
[2026-04-09 12:34:46] Finished: C:\Users\wadec8\AppData\Local\Programs\Python\Python3\python.exe push_selected_dates.py --date 2025-10-27
[2026-04-09 12:34:46] Running: C:\Users\wadec8\AppData\Local\Programs\Python\Python3\python.exe push_selected_dates.py --date 2025-11-03
[2026-04-09 12:34:46] Finished: C:\Users\wadec8\AppData\Local\Programs\Python\Python3\python.exe push_selected_dates.py --date 2025-11-03
[2026-04-09 12:34:46] Running: C:\Users\wadec8\AppData\Local\Programs\Python\Python3\python.exe push_selected_dates.py --date 2025-11-10
[2026-04-09 12:34:46] Finished: C:\Users\wadec8\AppData\Local\Programs\Python\Python3\python.exe push_selected_dates.py --date 2025-11-10
[2026-04-09 12:34:46] Running: C:\Users\wadec8\AppData\Local\Programs\Python\Python3\python.exe push_selected_dates.py --date 2025-11-17
[2026-04-09 12:34:47] Finished: C:\Users\wadec8\AppData\Local\Programs\Python\Python3\python.exe push_selected_dates.py --date 2025-11-17
[2026-04-09 12:34:47] Running: C:\Users\wadec8\AppData\Local\Programs\Python\Python3\python.exe push_selected_dates.py --date 2025-11-24
[2026-04-09 12:34:47] Finished: C:\Users\wadec8\AppData\Local\Programs\Python\Python3\python.exe push_selected_dates.py --date 2025-11-24
[2026-04-09 12:34:47] Running: C:\Users\wadec8\AppData\Local\Programs\Python\Python3\python.exe push_selected_dates.py --date 2025-12-01
[2026-04-09 12:34:47] Finished: C:\Users\wadec8\AppData\Local\Programs\Python\Python3\python.exe push_selected_dates.py --date 2025-12-01
[2026-04-09 12:34:47] Running: C:\Users\wadec8\AppData\Local\Programs\Python\Python3\python.exe push_selected_dates.py --date 2025-12-08
[2026-04-09 12:34:48] Finished: C:\Users\wadec8\AppData\Local\Programs\Python\Python3\python.exe push_selected_dates.py --date 2025-12-08
[2026-04-09 12:34:48] Running: C:\Users\wadec8\AppData\Local\Programs\Python\Python3\python.exe push_selected_dates.py --date 2025-12-15
[2026-04-09 12:34:48] Finished: C:\Users\wadec8\AppData\Local\Programs\Python\Python3\python.exe push_selected_dates.py --date 2025-12-15
[2026-04-09 12:34:48] Running: C:\Users\wadec8\AppData\Local\Programs\Python\Python3\python.exe push_selected_dates.py --date 2025-12-22
[2026-04-09 12:34:48] Finished: C:\Users\wadec8\AppData\Local\Programs\Python\Python3\python.exe push_selected_dates.py --date 2025-12-22
[2026-04-09 12:34:48] Running: C:\Users\wadec8\AppData\Local\Programs\Python\Python3\python.exe push_selected_dates.py --date 2025-12-29
[2026-04-09 12:34:49] Finished: C:\Users\wadec8\AppData\Local\Programs\Python\Python3\python.exe push_selected_dates.py --date 2025-12-29
[2026-04-09 12:34:49] Running: C:\Users\wadec8\AppData\Local\Programs\Python\Python3\python.exe push_selected_dates.py --date 2026-01-05
[2026-04-09 12:34:49] Finished: C:\Users\wadec8\AppData\Local\Programs\Python\Python3\python.exe push_selected_dates.py --date 2026-01-05
[2026-04-09 12:34:49] Running: C:\Users\wadec8\AppData\Local\Programs\Python\Python3\python.exe push_selected_dates.py --date 2026-01-12
[2026-04-09 12:34:49] Finished: C:\Users\wadec8\AppData\Local\Programs\Python\Python3\python.exe push_selected_dates.py --date 2026-01-12
[2026-04-09 12:34:49] Running: C:\Users\wadec8\AppData\Local\Programs\Python\Python3\python.exe push_selected_dates.py --date 2026-01-19
[2026-04-09 12:34:50] Finished: C:\Users\wadec8\AppData\Local\Programs\Python\Python3\python.exe push_selected_dates.py --date 2026-01-19
[2026-04-09 12:34:50] Running: C:\Users\wadec8\AppData\Local\Programs\Python\Python3\python.exe push_selected_dates.py --date 2026-01-26
[2026-04-09 12:34:50] Finished: C:\Users\wadec8\AppData\Local\Programs\Python\Python3\python.exe push_selected_dates.py --date 2026-01-26
[2026-04-09 12:34:50] Running: C:\Users\wadec8\AppData\Local\Programs\Python\Python3\python.exe push_selected_dates.py --date 2026-02-02
[2026-04-09 12:34:50] Finished: C:\Users\wadec8\AppData\Local\Programs\Python\Python3\python.exe push_selected_dates.py --date 2026-02-02
[2026-04-09 12:34:50] Running: C:\Users\wadec8\AppData\Local\Programs\Python\Python3\python.exe push_selected_dates.py --date 2026-02-09
[2026-04-09 12:34:51] Finished: C:\Users\wadec8\AppData\Local\Programs\Python\Python3\python.exe push_selected_dates.py --date 2026-02-09
[2026-04-09 12:34:51] Running: C:\Users\wadec8\AppData\Local\Programs\Python\Python3\python.exe push_selected_dates.py --date 2026-02-16
[2026-04-09 12:34:51] Finished: C:\Users\wadec8\AppData\Local\Programs\Python\Python3\python.exe push_selected_dates.py --date 2026-02-16
[2026-04-09 12:34:51] Running: C:\Users\wadec8\AppData\Local\Programs\Python\Python3\python.exe push_selected_dates.py --date 2026-02-23
[2026-04-09 12:34:51] Finished: C:\Users\wadec8\AppData\Local\Programs\Python\Python3\python.exe push_selected_dates.py --date 2026-02-23
[2026-04-09 12:34:51] Running: C:\Users\wadec8\AppData\Local\Programs\Python\Python3\python.exe push_selected_dates.py --date 2026-03-02
[2026-04-09 12:34:52] Finished: C:\Users\wadec8\AppData\Local\Programs\Python\Python3\python.exe push_selected_dates.py --date 2026-03-02
[2026-04-09 12:34:52] Running: C:\Users\wadec8\AppData\Local\Programs\Python\Python3\python.exe push_selected_dates.py --date 2026-03-09
[2026-04-09 12:34:52] Finished: C:\Users\wadec8\AppData\Local\Programs\Python\Python3\python.exe push_selected_dates.py --date 2026-03-09
[2026-04-09 12:34:52] Running: C:\Users\wadec8\AppData\Local\Programs\Python\Python3\python.exe push_selected_dates.py --date 2026-03-16
[2026-04-09 12:34:52] Finished: C:\Users\wadec8\AppData\Local\Programs\Python\Python3\python.exe push_selected_dates.py --date 2026-03-16
[2026-04-09 12:34:52] Running: C:\Users\wadec8\AppData\Local\Programs\Python\Python3\python.exe push_selected_dates.py --date 2026-03-23
[2026-04-09 12:34:53] Finished: C:\Users\wadec8\AppData\Local\Programs\Python\Python3\python.exe push_selected_dates.py --date 2026-03-23
[2026-04-09 12:34:53] Running: C:\Users\wadec8\AppData\Local\Programs\Python\Python3\python.exe push_selected_dates.py --date 2026-03-30
[2026-04-09 12:34:53] Finished: C:\Users\wadec8\AppData\Local\Programs\Python\Python3\python.exe push_selected_dates.py --date 2026-03-30
[2026-04-09 12:34:53] Running: C:\Users\wadec8\AppData\Local\Programs\Python\Python3\python.exe push_selected_dates.py --date 2026-04-06
[2026-04-09 12:34:53] Finished: C:\Users\wadec8\AppData\Local\Programs\Python\Python3\python.exe push_selected_dates.py --date 2026-04-06
[2026-04-09 12:34:53] Running: C:\Users\wadec8\AppData\Local\Programs\Python\Python3\python.exe Scrape_wip_ns.py
[2026-04-09 13:01:14] Finished: C:\Users\wadec8\AppData\Local\Programs\Python\Python3\python.exe Scrape_wip_ns.py
[2026-04-09 13:01:14] Running: C:\Users\wadec8\AppData\Local\Programs\Python\Python3\python.exe build_ns_non_wip_activities.py
[2026-04-09 13:01:53] Finished: C:\Users\wadec8\AppData\Local\Programs\Python\Python3\python.exe build_ns_non_wip_activities.py
[2026-04-09 13:01:53] Running: C:\Users\wadec8\AppData\Local\Programs\Python\Python3\python.exe scrape_wip_crm.py
[2026-04-09 13:05:03] Finished: C:\Users\wadec8\AppData\Local\Programs\Python\Python3\python.exe scrape_wip_crm.py
[2026-04-09 13:05:03] Running: C:\Users\wadec8\AppData\Local\Programs\Python\Python3\python.exe build_crm_non_wip_activities.py
[2026-04-09 13:08:04] Finished: C:\Users\wadec8\AppData\Local\Programs\Python\Python3\python.exe build_crm_non_wip_activities.py
[2026-04-09 13:08:04] Running: C:\Users\wadec8\AppData\Local\Programs\Python\Python3\python.exe scrape_wip_ms.py
[2026-04-09 13:08:49] Finished: C:\Users\wadec8\AppData\Local\Programs\Python\Python3\python.exe scrape_wip_ms.py
[2026-04-09 13:08:49] Running: C:\Users\wadec8\AppData\Local\Programs\Python\Python3\python.exe build_ms_non_wip_activities.py
[2026-04-09 13:09:33] Finished: C:\Users\wadec8\AppData\Local\Programs\Python\Python3\python.exe build_ms_non_wip_activities.py
[2026-04-09 13:09:33] Running: git add -A
[2026-04-09 13:09:33] Finished: git add -A
[2026-04-09 13:09:34] Running: git commit -m Automated update (2026-04-09)
[2026-04-09 13:09:34] Finished: git commit -m Automated update (2026-04-09)
[2026-04-09 13:09:34] Running: git push
[2026-04-09 13:09:40] Finished: git push
[2026-04-09 13:09:40] Committed and pushed.
[2026-04-09 13:09:40] All scripts completed successfully.
[2026-04-09 14:17:26] === Starting run_all.py ===
[2026-04-09 14:17:26] Running: C:\Users\wadec8\AppData\Local\Programs\Python\Python3\python.exe get_timeliness.py
[2026-04-09 14:19:34] Finished: C:\Users\wadec8\AppData\Local\Programs\Python\Python3\python.exe get_timeliness.py
[2026-04-09 14:19:34] Running: C:\Users\wadec8\AppData\Local\Programs\Python\Python3\python.exe scrape_wip_iv.py --all
[2026-04-09 14:20:25] Finished: C:\Users\wadec8\AppData\Local\Programs\Python\Python3\python.exe scrape_wip_iv.py --all
[2026-04-09 14:20:25] Running: C:\Users\wadec8\AppData\Local\Programs\Python\Python3\python.exe build_iv_non_wip_activities.py --config teams.json --metrics IV_DATA\metrics.csv --all --out IV_DATA\non_wip.csv
[2026-04-09 14:23:06] Finished: C:\Users\wadec8\AppData\Local\Programs\Python\Python3\python.exe build_iv_non_wip_activities.py --config teams.json --metrics IV_DATA\metrics.csv --all --out IV_DATA\non_wip.csv
[2026-04-09 14:23:06] Running: C:\Users\wadec8\AppData\Local\Programs\Python\Python3\python.exe scrape_wip_ect.py
[2026-04-09 14:30:22] Finished: C:\Users\wadec8\AppData\Local\Programs\Python\Python3\python.exe scrape_wip_ect.py
[2026-04-09 14:30:22] Running: C:\Users\wadec8\AppData\Local\Programs\Python\Python3\python.exe build_ect_non_wip_activities.py
[2026-04-09 14:35:41] Finished: C:\Users\wadec8\AppData\Local\Programs\Python\Python3\python.exe build_ect_non_wip_activities.py
[2026-04-09 14:35:41] Running: C:\Users\wadec8\AppData\Local\Programs\Python\Python3\python.exe push_selected_dates.py --date 2025-10-27
[2026-04-09 14:35:41] Finished: C:\Users\wadec8\AppData\Local\Programs\Python\Python3\python.exe push_selected_dates.py --date 2025-10-27
[2026-04-09 14:35:41] Running: C:\Users\wadec8\AppData\Local\Programs\Python\Python3\python.exe push_selected_dates.py --date 2025-11-03
[2026-04-09 14:35:41] Finished: C:\Users\wadec8\AppData\Local\Programs\Python\Python3\python.exe push_selected_dates.py --date 2025-11-03
[2026-04-09 14:35:41] Running: C:\Users\wadec8\AppData\Local\Programs\Python\Python3\python.exe push_selected_dates.py --date 2025-11-10
[2026-04-09 14:35:42] Finished: C:\Users\wadec8\AppData\Local\Programs\Python\Python3\python.exe push_selected_dates.py --date 2025-11-10
[2026-04-09 14:35:42] Running: C:\Users\wadec8\AppData\Local\Programs\Python\Python3\python.exe push_selected_dates.py --date 2025-11-17
[2026-04-09 14:35:42] Finished: C:\Users\wadec8\AppData\Local\Programs\Python\Python3\python.exe push_selected_dates.py --date 2025-11-17
[2026-04-09 14:35:42] Running: C:\Users\wadec8\AppData\Local\Programs\Python\Python3\python.exe push_selected_dates.py --date 2025-11-24
[2026-04-09 14:35:43] Finished: C:\Users\wadec8\AppData\Local\Programs\Python\Python3\python.exe push_selected_dates.py --date 2025-11-24
[2026-04-09 14:35:43] Running: C:\Users\wadec8\AppData\Local\Programs\Python\Python3\python.exe push_selected_dates.py --date 2025-12-01
[2026-04-09 14:35:43] Finished: C:\Users\wadec8\AppData\Local\Programs\Python\Python3\python.exe push_selected_dates.py --date 2025-12-01
[2026-04-09 14:35:43] Running: C:\Users\wadec8\AppData\Local\Programs\Python\Python3\python.exe push_selected_dates.py --date 2025-12-08
[2026-04-09 14:35:43] Finished: C:\Users\wadec8\AppData\Local\Programs\Python\Python3\python.exe push_selected_dates.py --date 2025-12-08
[2026-04-09 14:35:43] Running: C:\Users\wadec8\AppData\Local\Programs\Python\Python3\python.exe push_selected_dates.py --date 2025-12-15
[2026-04-09 14:35:43] Finished: C:\Users\wadec8\AppData\Local\Programs\Python\Python3\python.exe push_selected_dates.py --date 2025-12-15
[2026-04-09 14:35:43] Running: C:\Users\wadec8\AppData\Local\Programs\Python\Python3\python.exe push_selected_dates.py --date 2025-12-22
[2026-04-09 14:35:44] Finished: C:\Users\wadec8\AppData\Local\Programs\Python\Python3\python.exe push_selected_dates.py --date 2025-12-22
[2026-04-09 14:35:44] Running: C:\Users\wadec8\AppData\Local\Programs\Python\Python3\python.exe push_selected_dates.py --date 2025-12-29
[2026-04-09 14:35:44] Finished: C:\Users\wadec8\AppData\Local\Programs\Python\Python3\python.exe push_selected_dates.py --date 2025-12-29
[2026-04-09 14:35:44] Running: C:\Users\wadec8\AppData\Local\Programs\Python\Python3\python.exe push_selected_dates.py --date 2026-01-05
[2026-04-09 14:35:44] Finished: C:\Users\wadec8\AppData\Local\Programs\Python\Python3\python.exe push_selected_dates.py --date 2026-01-05
[2026-04-09 14:35:44] Running: C:\Users\wadec8\AppData\Local\Programs\Python\Python3\python.exe push_selected_dates.py --date 2026-01-12
[2026-04-09 14:35:44] Finished: C:\Users\wadec8\AppData\Local\Programs\Python\Python3\python.exe push_selected_dates.py --date 2026-01-12
[2026-04-09 14:35:44] Running: C:\Users\wadec8\AppData\Local\Programs\Python\Python3\python.exe push_selected_dates.py --date 2026-01-19
[2026-04-09 14:35:45] Finished: C:\Users\wadec8\AppData\Local\Programs\Python\Python3\python.exe push_selected_dates.py --date 2026-01-19
[2026-04-09 14:35:45] Running: C:\Users\wadec8\AppData\Local\Programs\Python\Python3\python.exe push_selected_dates.py --date 2026-01-26
[2026-04-09 14:35:45] Finished: C:\Users\wadec8\AppData\Local\Programs\Python\Python3\python.exe push_selected_dates.py --date 2026-01-26
[2026-04-09 14:35:45] Running: C:\Users\wadec8\AppData\Local\Programs\Python\Python3\python.exe push_selected_dates.py --date 2026-02-02
[2026-04-09 14:35:45] Finished: C:\Users\wadec8\AppData\Local\Programs\Python\Python3\python.exe push_selected_dates.py --date 2026-02-02
[2026-04-09 14:35:45] Running: C:\Users\wadec8\AppData\Local\Programs\Python\Python3\python.exe push_selected_dates.py --date 2026-02-09
[2026-04-09 14:35:46] Finished: C:\Users\wadec8\AppData\Local\Programs\Python\Python3\python.exe push_selected_dates.py --date 2026-02-09
[2026-04-09 14:35:46] Running: C:\Users\wadec8\AppData\Local\Programs\Python\Python3\python.exe push_selected_dates.py --date 2026-02-16
[2026-04-09 14:35:47] Finished: C:\Users\wadec8\AppData\Local\Programs\Python\Python3\python.exe push_selected_dates.py --date 2026-02-16
[2026-04-09 14:35:47] Running: C:\Users\wadec8\AppData\Local\Programs\Python\Python3\python.exe push_selected_dates.py --date 2026-02-23
[2026-04-09 14:35:48] Finished: C:\Users\wadec8\AppData\Local\Programs\Python\Python3\python.exe push_selected_dates.py --date 2026-02-23
[2026-04-09 14:35:48] Running: C:\Users\wadec8\AppData\Local\Programs\Python\Python3\python.exe push_selected_dates.py --date 2026-03-02
[2026-04-09 14:35:48] Finished: C:\Users\wadec8\AppData\Local\Programs\Python\Python3\python.exe push_selected_dates.py --date 2026-03-02
[2026-04-09 14:35:48] Running: C:\Users\wadec8\AppData\Local\Programs\Python\Python3\python.exe push_selected_dates.py --date 2026-03-09
[2026-04-09 14:35:48] Finished: C:\Users\wadec8\AppData\Local\Programs\Python\Python3\python.exe push_selected_dates.py --date 2026-03-09
[2026-04-09 14:35:48] Running: C:\Users\wadec8\AppData\Local\Programs\Python\Python3\python.exe push_selected_dates.py --date 2026-03-16
[2026-04-09 14:35:48] Finished: C:\Users\wadec8\AppData\Local\Programs\Python\Python3\python.exe push_selected_dates.py --date 2026-03-16
[2026-04-09 14:35:48] Running: C:\Users\wadec8\AppData\Local\Programs\Python\Python3\python.exe push_selected_dates.py --date 2026-03-23
[2026-04-09 14:35:49] Finished: C:\Users\wadec8\AppData\Local\Programs\Python\Python3\python.exe push_selected_dates.py --date 2026-03-23
[2026-04-09 14:35:49] Running: C:\Users\wadec8\AppData\Local\Programs\Python\Python3\python.exe push_selected_dates.py --date 2026-03-30
[2026-04-09 14:35:49] Finished: C:\Users\wadec8\AppData\Local\Programs\Python\Python3\python.exe push_selected_dates.py --date 2026-03-30
[2026-04-09 14:35:49] Running: C:\Users\wadec8\AppData\Local\Programs\Python\Python3\python.exe push_selected_dates.py --date 2026-04-06
[2026-04-09 14:35:49] Finished: C:\Users\wadec8\AppData\Local\Programs\Python\Python3\python.exe push_selected_dates.py --date 2026-04-06
[2026-04-09 14:35:49] Running: C:\Users\wadec8\AppData\Local\Programs\Python\Python3\python.exe Scrape_wip_ns.py
[2026-04-09 14:57:11] Finished: C:\Users\wadec8\AppData\Local\Programs\Python\Python3\python.exe Scrape_wip_ns.py
[2026-04-09 14:57:11] Running: C:\Users\wadec8\AppData\Local\Programs\Python\Python3\python.exe build_ns_non_wip_activities.py
[2026-04-09 14:57:35] Finished: C:\Users\wadec8\AppData\Local\Programs\Python\Python3\python.exe build_ns_non_wip_activities.py
[2026-04-09 14:57:35] Running: C:\Users\wadec8\AppData\Local\Programs\Python\Python3\python.exe scrape_wip_crm.py
[2026-04-09 15:00:18] Finished: C:\Users\wadec8\AppData\Local\Programs\Python\Python3\python.exe scrape_wip_crm.py
[2026-04-09 15:00:18] Running: C:\Users\wadec8\AppData\Local\Programs\Python\Python3\python.exe build_crm_non_wip_activities.py
[2026-04-09 15:03:08] Finished: C:\Users\wadec8\AppData\Local\Programs\Python\Python3\python.exe build_crm_non_wip_activities.py
[2026-04-09 15:03:08] Running: C:\Users\wadec8\AppData\Local\Programs\Python\Python3\python.exe scrape_wip_ms.py
[2026-04-09 15:04:03] Finished: C:\Users\wadec8\AppData\Local\Programs\Python\Python3\python.exe scrape_wip_ms.py
[2026-04-09 15:04:03] Running: C:\Users\wadec8\AppData\Local\Programs\Python\Python3\python.exe build_ms_non_wip_activities.py
[2026-04-09 15:04:51] Finished: C:\Users\wadec8\AppData\Local\Programs\Python\Python3\python.exe build_ms_non_wip_activities.py
[2026-04-09 15:04:51] Running: git add -A
[2026-04-09 15:04:51] Finished: git add -A
[2026-04-09 15:04:51] Running: git commit -m Automated update (2026-04-09)
[2026-04-09 15:04:52] Finished: git commit -m Automated update (2026-04-09)
[2026-04-09 15:04:52] Running: git push
[2026-04-09 15:04:56] Finished: git push
[2026-04-09 15:04:56] Committed and pushed.
[2026-04-09 15:04:56] All scripts completed successfully.
[2026-04-09 15:08:25] === Starting run_all.py ===
[2026-04-09 15:08:25] Running: C:\Users\wadec8\AppData\Local\Programs\Python\Python3\python.exe scrape_wip_iv.py --all
[2026-04-09 15:08:55] Finished: C:\Users\wadec8\AppData\Local\Programs\Python\Python3\python.exe scrape_wip_iv.py --all
[2026-04-09 15:08:55] Running: C:\Users\wadec8\AppData\Local\Programs\Python\Python3\python.exe build_iv_non_wip_activities.py --config teams.json --metrics IV_DATA\metrics.csv --all --out IV_DATA\non_wip.csv
[2026-04-09 15:10:38] Finished: C:\Users\wadec8\AppData\Local\Programs\Python\Python3\python.exe build_iv_non_wip_activities.py --config teams.json --metrics IV_DATA\metrics.csv --all --out IV_DATA\non_wip.csv
[2026-04-09 15:10:38] Running: C:\Users\wadec8\AppData\Local\Programs\Python\Python3\python.exe scrape_wip_ect.py
[2026-04-09 15:16:20] Finished: C:\Users\wadec8\AppData\Local\Programs\Python\Python3\python.exe scrape_wip_ect.py
[2026-04-09 15:16:20] Running: C:\Users\wadec8\AppData\Local\Programs\Python\Python3\python.exe build_ect_non_wip_activities.py
[2026-04-09 15:21:45] Finished: C:\Users\wadec8\AppData\Local\Programs\Python\Python3\python.exe build_ect_non_wip_activities.py
[2026-04-09 15:21:45] Running: C:\Users\wadec8\AppData\Local\Programs\Python\Python3\python.exe push_selected_dates.py --date 2025-10-27
[2026-04-09 15:21:45] Finished: C:\Users\wadec8\AppData\Local\Programs\Python\Python3\python.exe push_selected_dates.py --date 2025-10-27
[2026-04-09 15:21:45] Running: C:\Users\wadec8\AppData\Local\Programs\Python\Python3\python.exe push_selected_dates.py --date 2025-11-03
[2026-04-09 15:21:45] Finished: C:\Users\wadec8\AppData\Local\Programs\Python\Python3\python.exe push_selected_dates.py --date 2025-11-03
[2026-04-09 15:21:45] Running: C:\Users\wadec8\AppData\Local\Programs\Python\Python3\python.exe push_selected_dates.py --date 2025-11-10
[2026-04-09 15:21:45] Finished: C:\Users\wadec8\AppData\Local\Programs\Python\Python3\python.exe push_selected_dates.py --date 2025-11-10
[2026-04-09 15:21:45] Running: C:\Users\wadec8\AppData\Local\Programs\Python\Python3\python.exe push_selected_dates.py --date 2025-11-17
[2026-04-09 15:21:46] Finished: C:\Users\wadec8\AppData\Local\Programs\Python\Python3\python.exe push_selected_dates.py --date 2025-11-17
[2026-04-09 15:21:46] Running: C:\Users\wadec8\AppData\Local\Programs\Python\Python3\python.exe push_selected_dates.py --date 2025-11-24
[2026-04-09 15:21:46] Finished: C:\Users\wadec8\AppData\Local\Programs\Python\Python3\python.exe push_selected_dates.py --date 2025-11-24
[2026-04-09 15:21:46] Running: C:\Users\wadec8\AppData\Local\Programs\Python\Python3\python.exe push_selected_dates.py --date 2025-12-01
[2026-04-09 15:21:47] Finished: C:\Users\wadec8\AppData\Local\Programs\Python\Python3\python.exe push_selected_dates.py --date 2025-12-01
[2026-04-09 15:21:47] Running: C:\Users\wadec8\AppData\Local\Programs\Python\Python3\python.exe push_selected_dates.py --date 2025-12-08
[2026-04-09 15:21:47] Finished: C:\Users\wadec8\AppData\Local\Programs\Python\Python3\python.exe push_selected_dates.py --date 2025-12-08
[2026-04-09 15:21:47] Running: C:\Users\wadec8\AppData\Local\Programs\Python\Python3\python.exe push_selected_dates.py --date 2025-12-15
[2026-04-09 15:21:47] Finished: C:\Users\wadec8\AppData\Local\Programs\Python\Python3\python.exe push_selected_dates.py --date 2025-12-15
[2026-04-09 15:21:47] Running: C:\Users\wadec8\AppData\Local\Programs\Python\Python3\python.exe push_selected_dates.py --date 2025-12-22
[2026-04-09 15:21:48] Finished: C:\Users\wadec8\AppData\Local\Programs\Python\Python3\python.exe push_selected_dates.py --date 2025-12-22
[2026-04-09 15:21:48] Running: C:\Users\wadec8\AppData\Local\Programs\Python\Python3\python.exe push_selected_dates.py --date 2025-12-29
[2026-04-09 15:21:48] Finished: C:\Users\wadec8\AppData\Local\Programs\Python\Python3\python.exe push_selected_dates.py --date 2025-12-29
[2026-04-09 15:21:48] Running: C:\Users\wadec8\AppData\Local\Programs\Python\Python3\python.exe push_selected_dates.py --date 2026-01-05
[2026-04-09 15:21:48] Finished: C:\Users\wadec8\AppData\Local\Programs\Python\Python3\python.exe push_selected_dates.py --date 2026-01-05
[2026-04-09 15:21:48] Running: C:\Users\wadec8\AppData\Local\Programs\Python\Python3\python.exe push_selected_dates.py --date 2026-01-12
[2026-04-09 15:21:49] Finished: C:\Users\wadec8\AppData\Local\Programs\Python\Python3\python.exe push_selected_dates.py --date 2026-01-12
[2026-04-09 15:21:49] Running: C:\Users\wadec8\AppData\Local\Programs\Python\Python3\python.exe push_selected_dates.py --date 2026-01-19
[2026-04-09 15:21:49] Finished: C:\Users\wadec8\AppData\Local\Programs\Python\Python3\python.exe push_selected_dates.py --date 2026-01-19
[2026-04-09 15:21:49] Running: C:\Users\wadec8\AppData\Local\Programs\Python\Python3\python.exe push_selected_dates.py --date 2026-01-26
[2026-04-09 15:21:49] Finished: C:\Users\wadec8\AppData\Local\Programs\Python\Python3\python.exe push_selected_dates.py --date 2026-01-26
[2026-04-09 15:21:49] Running: C:\Users\wadec8\AppData\Local\Programs\Python\Python3\python.exe push_selected_dates.py --date 2026-02-02
[2026-04-09 15:21:50] Finished: C:\Users\wadec8\AppData\Local\Programs\Python\Python3\python.exe push_selected_dates.py --date 2026-02-02
[2026-04-09 15:21:50] Running: C:\Users\wadec8\AppData\Local\Programs\Python\Python3\python.exe push_selected_dates.py --date 2026-02-09
[2026-04-09 15:21:50] Finished: C:\Users\wadec8\AppData\Local\Programs\Python\Python3\python.exe push_selected_dates.py --date 2026-02-09
[2026-04-09 15:21:50] Running: C:\Users\wadec8\AppData\Local\Programs\Python\Python3\python.exe push_selected_dates.py --date 2026-02-16
[2026-04-09 15:21:51] Finished: C:\Users\wadec8\AppData\Local\Programs\Python\Python3\python.exe push_selected_dates.py --date 2026-02-16
[2026-04-09 15:21:51] Running: C:\Users\wadec8\AppData\Local\Programs\Python\Python3\python.exe push_selected_dates.py --date 2026-02-23
[2026-04-09 15:21:51] Finished: C:\Users\wadec8\AppData\Local\Programs\Python\Python3\python.exe push_selected_dates.py --date 2026-02-23
[2026-04-09 15:21:51] Running: C:\Users\wadec8\AppData\Local\Programs\Python\Python3\python.exe push_selected_dates.py --date 2026-03-02
[2026-04-09 15:21:52] Finished: C:\Users\wadec8\AppData\Local\Programs\Python\Python3\python.exe push_selected_dates.py --date 2026-03-02
[2026-04-09 15:21:52] Running: C:\Users\wadec8\AppData\Local\Programs\Python\Python3\python.exe push_selected_dates.py --date 2026-03-09
[2026-04-09 15:21:53] Finished: C:\Users\wadec8\AppData\Local\Programs\Python\Python3\python.exe push_selected_dates.py --date 2026-03-09
[2026-04-09 15:21:53] Running: C:\Users\wadec8\AppData\Local\Programs\Python\Python3\python.exe push_selected_dates.py --date 2026-03-16
[2026-04-09 15:21:54] Finished: C:\Users\wadec8\AppData\Local\Programs\Python\Python3\python.exe push_selected_dates.py --date 2026-03-16
[2026-04-09 15:21:54] Running: C:\Users\wadec8\AppData\Local\Programs\Python\Python3\python.exe push_selected_dates.py --date 2026-03-23
[2026-04-09 15:21:54] Finished: C:\Users\wadec8\AppData\Local\Programs\Python\Python3\python.exe push_selected_dates.py --date 2026-03-23
[2026-04-09 15:21:54] Running: C:\Users\wadec8\AppData\Local\Programs\Python\Python3\python.exe push_selected_dates.py --date 2026-03-30
[2026-04-09 15:21:55] Finished: C:\Users\wadec8\AppData\Local\Programs\Python\Python3\python.exe push_selected_dates.py --date 2026-03-30
[2026-04-09 15:21:55] Running: C:\Users\wadec8\AppData\Local\Programs\Python\Python3\python.exe push_selected_dates.py --date 2026-04-06
[2026-04-09 15:21:55] Finished: C:\Users\wadec8\AppData\Local\Programs\Python\Python3\python.exe push_selected_dates.py --date 2026-04-06
[2026-04-09 15:21:55] Running: C:\Users\wadec8\AppData\Local\Programs\Python\Python3\python.exe Scrape_wip_ns.py
[2026-04-09 15:43:28] Finished: C:\Users\wadec8\AppData\Local\Programs\Python\Python3\python.exe Scrape_wip_ns.py
[2026-04-09 15:43:28] Running: C:\Users\wadec8\AppData\Local\Programs\Python\Python3\python.exe build_ns_non_wip_activities.py
[2026-04-09 15:43:47] Finished: C:\Users\wadec8\AppData\Local\Programs\Python\Python3\python.exe build_ns_non_wip_activities.py
[2026-04-09 15:43:47] Running: C:\Users\wadec8\AppData\Local\Programs\Python\Python3\python.exe scrape_wip_crm.py
[2026-04-09 15:46:00] Finished: C:\Users\wadec8\AppData\Local\Programs\Python\Python3\python.exe scrape_wip_crm.py
[2026-04-09 15:46:00] Running: C:\Users\wadec8\AppData\Local\Programs\Python\Python3\python.exe build_crm_non_wip_activities.py
[2026-04-09 15:48:15] Finished: C:\Users\wadec8\AppData\Local\Programs\Python\Python3\python.exe build_crm_non_wip_activities.py
[2026-04-09 15:48:15] Running: C:\Users\wadec8\AppData\Local\Programs\Python\Python3\python.exe scrape_wip_ms.py
[2026-04-09 15:48:53] Finished: C:\Users\wadec8\AppData\Local\Programs\Python\Python3\python.exe scrape_wip_ms.py
[2026-04-09 15:48:53] Running: C:\Users\wadec8\AppData\Local\Programs\Python\Python3\python.exe build_ms_non_wip_activities.py
[2026-04-09 15:49:30] Finished: C:\Users\wadec8\AppData\Local\Programs\Python\Python3\python.exe build_ms_non_wip_activities.py
[2026-04-09 15:49:30] Running: git add -A
